2020-10-21T20:09:15-0400 [INFO    ] dandi Traversing remote dandisets (000026) recursively
2020-10-21T20:09:15-0400 [INFO    ] backups2datalad.py Updating metadata file
2020-10-21T20:09:18-0400 [INFO    ] backups2datalad.py Syncing asset /derivatives/ParameterMaps/sub-I46/flash10.nii.gz
2020-10-21T20:09:18-0400 [INFO    ] backups2datalad.py Asset not in dataset; will copy
2020-10-21T20:09:18-0400 [INFO    ] backups2datalad.py cp /mnt/backup/dandi/dandiarchive-s3-backup/girder-assetstore/5a/21/5a21e235e6a04f94a0460b5a0ea0c576 -> /mnt/backup/dandi/dandisets/000026/derivatives/ParameterMaps/sub-I46/flash10.nii.gz
2020-10-21T20:09:18-0400 [INFO    ] backups2datalad.py Adding asset to dataset
2020-10-21T20:09:34-0400 [INFO    ] backups2datalad.py Adding URL https://dandiarchive.s3.amazonaws.com/girder-assetstore/5a/21/5a21e235e6a04f94a0460b5a0ea0c576?versionId=niT_r8VW.vtMpaIvM9HzSMgQyYeC7CWk to asset
2020-10-21T20:09:35-0400 [INFO    ] backups2datalad.py Syncing asset /derivatives/ParameterMaps/sub-I46/flash20.nii.gz
2020-10-21T20:09:35-0400 [INFO    ] backups2datalad.py Asset not in dataset; will copy
2020-10-21T20:09:35-0400 [INFO    ] backups2datalad.py cp /mnt/backup/dandi/dandiarchive-s3-backup/girder-assetstore/e4/b2/e4b2924d793a4c38b7f7c3ddad64677a -> /mnt/backup/dandi/dandisets/000026/derivatives/ParameterMaps/sub-I46/flash20.nii.gz
2020-10-21T20:09:35-0400 [INFO    ] backups2datalad.py Adding asset to dataset
2020-10-21T20:09:52-0400 [INFO    ] backups2datalad.py Adding URL https://dandiarchive.s3.amazonaws.com/girder-assetstore/e4/b2/e4b2924d793a4c38b7f7c3ddad64677a?versionId=SDXHJc_k3hBHI7YW2RQNYKvM3r19qZjX to asset
2020-10-21T20:09:52-0400 [INFO    ] backups2datalad.py Syncing asset /derivatives/ParameterMaps/sub-I46/flash30.nii.gz
2020-10-21T20:09:53-0400 [INFO    ] backups2datalad.py Asset not in dataset; will copy
2020-10-21T20:09:53-0400 [INFO    ] backups2datalad.py cp /mnt/backup/dandi/dandiarchive-s3-backup/girder-assetstore/a2/57/a257e234d94e485f9345d35ed627ddb7 -> /mnt/backup/dandi/dandisets/000026/derivatives/ParameterMaps/sub-I46/flash30.nii.gz
2020-10-21T20:09:53-0400 [INFO    ] backups2datalad.py Adding asset to dataset
2020-10-21T20:10:10-0400 [INFO    ] backups2datalad.py Adding URL https://dandiarchive.s3.amazonaws.com/girder-assetstore/a2/57/a257e234d94e485f9345d35ed627ddb7?versionId=uXPPnN5MqsbFMz5il3YrO.yEpmUNTupn to asset
2020-10-21T20:10:10-0400 [INFO    ] backups2datalad.py Syncing asset /derivatives/ParameterMaps/sub-I46/PD.nii.gz
2020-10-21T20:10:10-0400 [INFO    ] backups2datalad.py Asset not in dataset; will copy
2020-10-21T20:10:10-0400 [INFO    ] backups2datalad.py cp /mnt/backup/dandi/dandiarchive-s3-backup/girder-assetstore/50/fe/50fe065918d74419b2416b63e9f46bb6 -> /mnt/backup/dandi/dandisets/000026/derivatives/ParameterMaps/sub-I46/PD.nii.gz
2020-10-21T20:10:10-0400 [INFO    ] backups2datalad.py Adding asset to dataset
2020-10-21T20:10:30-0400 [INFO    ] backups2datalad.py Adding URL https://dandiarchive.s3.amazonaws.com/girder-assetstore/50/fe/50fe065918d74419b2416b63e9f46bb6?versionId=qSAP6xUqa2TFaX_g4EykPXEpfhPX1rpn to asset
2020-10-21T20:10:31-0400 [INFO    ] backups2datalad.py Syncing asset /derivatives/ParameterMaps/sub-I46/sse.nii.gz
2020-10-21T20:10:31-0400 [INFO    ] backups2datalad.py Asset not in dataset; will copy
2020-10-21T20:10:31-0400 [INFO    ] backups2datalad.py cp /mnt/backup/dandi/dandiarchive-s3-backup/girder-assetstore/52/87/52871b9f40ef4a37a00f1a560a473ede -> /mnt/backup/dandi/dandisets/000026/derivatives/ParameterMaps/sub-I46/sse.nii.gz
2020-10-21T20:10:31-0400 [INFO    ] backups2datalad.py Adding asset to dataset
2020-10-21T20:10:48-0400 [INFO    ] backups2datalad.py Adding URL https://dandiarchive.s3.amazonaws.com/girder-assetstore/52/87/52871b9f40ef4a37a00f1a560a473ede?versionId=D5wdYN_jSl7pfxHoWcYk4.JYPrkaVjpP to asset
2020-10-21T20:10:48-0400 [INFO    ] backups2datalad.py Syncing asset /derivatives/ParameterMaps/sub-I46/T1.nii.gz
2020-10-21T20:10:49-0400 [INFO    ] backups2datalad.py Asset not in dataset; will copy
2020-10-21T20:10:49-0400 [INFO    ] backups2datalad.py cp /mnt/backup/dandi/dandiarchive-s3-backup/girder-assetstore/a2/60/a2600cffe4564743872d8f165b8501bd -> /mnt/backup/dandi/dandisets/000026/derivatives/ParameterMaps/sub-I46/T1.nii.gz
2020-10-21T20:10:49-0400 [INFO    ] backups2datalad.py Adding asset to dataset
2020-10-21T20:10:55-0400 [INFO    ] backups2datalad.py Adding URL https://dandiarchive.s3.amazonaws.com/girder-assetstore/a2/60/a2600cffe4564743872d8f165b8501bd?versionId=J3m9kkdqyUFNVIlnZskCinUL8HniUDoy to asset
2020-10-21T20:10:56-0400 [INFO    ] backups2datalad.py Syncing asset /derivatives/ParameterMaps/sub-I46/T2star.nii.gz
2020-10-21T20:10:56-0400 [INFO    ] backups2datalad.py Asset not in dataset; will copy
2020-10-21T20:10:56-0400 [INFO    ] backups2datalad.py cp /mnt/backup/dandi/dandiarchive-s3-backup/girder-assetstore/b6/5c/b65c199039524b059950c0e7a5ea962c -> /mnt/backup/dandi/dandisets/000026/derivatives/ParameterMaps/sub-I46/T2star.nii.gz
2020-10-21T20:10:56-0400 [INFO    ] backups2datalad.py Adding asset to dataset
2020-10-21T20:11:12-0400 [INFO    ] backups2datalad.py Adding URL https://dandiarchive.s3.amazonaws.com/girder-assetstore/b6/5c/b65c199039524b059950c0e7a5ea962c?versionId=pimL4z6gRhiAcg_mmaNgCjxsI_72DhCI to asset
2020-10-21T20:11:12-0400 [INFO    ] backups2datalad.py Syncing asset /derivatives/SPIMStitchedSlices/sub-I46/I46_n01.7z
2020-10-21T20:11:12-0400 [INFO    ] backups2datalad.py Asset not in dataset; will copy
2020-10-21T20:11:12-0400 [INFO    ] backups2datalad.py cp /mnt/backup/dandi/dandiarchive-s3-backup/girder-assetstore/79/cd/79cd5b89a035457598e480fbae301a24 -> /mnt/backup/dandi/dandisets/000026/derivatives/SPIMStitchedSlices/sub-I46/I46_n01.7z
2020-10-21T20:11:12-0400 [INFO    ] backups2datalad.py Adding asset to dataset
2020-10-21T20:11:18-0400 [INFO    ] backups2datalad.py Adding URL https://dandiarchive.s3.amazonaws.com/girder-assetstore/79/cd/79cd5b89a035457598e480fbae301a24?versionId=WcWlGO9RQqFypHea3HPK1lKGIKPnfnm_ to asset
2020-10-21T20:11:19-0400 [INFO    ] backups2datalad.py Syncing asset /derivatives/SPIMStitchedSlices/sub-I46/I46_n02.7z
2020-10-21T20:11:19-0400 [INFO    ] backups2datalad.py Asset not in dataset; will copy
2020-10-21T20:11:19-0400 [INFO    ] backups2datalad.py cp /mnt/backup/dandi/dandiarchive-s3-backup/girder-assetstore/8d/d5/8dd5cbe5c5c94e8db8b389bf4d2f84cf -> /mnt/backup/dandi/dandisets/000026/derivatives/SPIMStitchedSlices/sub-I46/I46_n02.7z
2020-10-21T20:11:19-0400 [INFO    ] backups2datalad.py Adding asset to dataset
2020-10-21T20:11:26-0400 [INFO    ] backups2datalad.py Adding URL https://dandiarchive.s3.amazonaws.com/girder-assetstore/8d/d5/8dd5cbe5c5c94e8db8b389bf4d2f84cf?versionId=9yNq3NXoKw0jmuFCSqPjfwtvsqjYHlGF to asset
2020-10-21T20:11:27-0400 [INFO    ] backups2datalad.py Syncing asset /derivatives/SPIMStitchedSlices/sub-I46/I46_n03.7z
2020-10-21T20:11:27-0400 [INFO    ] backups2datalad.py Asset not in dataset; will copy
2020-10-21T20:11:27-0400 [INFO    ] backups2datalad.py cp /mnt/backup/dandi/dandiarchive-s3-backup/girder-assetstore/76/a7/76a72f2aed2e4cc699bb52b37a37546d -> /mnt/backup/dandi/dandisets/000026/derivatives/SPIMStitchedSlices/sub-I46/I46_n03.7z
2020-10-21T20:11:27-0400 [INFO    ] backups2datalad.py Adding asset to dataset
2020-10-21T20:11:36-0400 [INFO    ] backups2datalad.py Adding URL https://dandiarchive.s3.amazonaws.com/girder-assetstore/76/a7/76a72f2aed2e4cc699bb52b37a37546d?versionId=IaMHIzwjlbtnQD.CVcLKdUMJjpXCBlg7 to asset
2020-10-21T20:11:36-0400 [INFO    ] backups2datalad.py Syncing asset /derivatives/SPIMStitchedSlices/sub-I46/I46_n04.7z
2020-10-21T20:11:36-0400 [INFO    ] backups2datalad.py Asset not in dataset; will copy
2020-10-21T20:11:36-0400 [INFO    ] backups2datalad.py cp /mnt/backup/dandi/dandiarchive-s3-backup/girder-assetstore/40/5a/405af2e9c3364d5d81782df49d36cf93 -> /mnt/backup/dandi/dandisets/000026/derivatives/SPIMStitchedSlices/sub-I46/I46_n04.7z
2020-10-21T20:11:36-0400 [INFO    ] backups2datalad.py Adding asset to dataset
2020-10-21T20:11:42-0400 [INFO    ] backups2datalad.py Adding URL https://dandiarchive.s3.amazonaws.com/girder-assetstore/40/5a/405af2e9c3364d5d81782df49d36cf93?versionId=cu_dDKeLTmoK4JZVTyBIpERhc52rEDEP to asset
2020-10-21T20:11:42-0400 [INFO    ] backups2datalad.py Syncing asset /derivatives/SPIMStitchedSlices/sub-I46/I46_n05.7z
2020-10-21T20:11:43-0400 [INFO    ] backups2datalad.py Asset not in dataset; will copy
2020-10-21T20:11:43-0400 [INFO    ] backups2datalad.py cp /mnt/backup/dandi/dandiarchive-s3-backup/girder-assetstore/05/59/0559dc9bfb6a4d408cd58b30744c4bde -> /mnt/backup/dandi/dandisets/000026/derivatives/SPIMStitchedSlices/sub-I46/I46_n05.7z
2020-10-21T20:11:43-0400 [INFO    ] backups2datalad.py Adding asset to dataset
2020-10-21T20:11:45-0400 [INFO    ] backups2datalad.py Adding URL https://dandiarchive.s3.amazonaws.com/girder-assetstore/05/59/0559dc9bfb6a4d408cd58b30744c4bde?versionId=cjeHoonhER37qgFU3ga_PG3TcpwNAjmi to asset
2020-10-21T20:11:46-0400 [INFO    ] backups2datalad.py Syncing asset /derivatives/SPIMStitchedSlices/sub-I46/I46_n06.7z
2020-10-21T20:11:46-0400 [INFO    ] backups2datalad.py Asset not in dataset; will copy
2020-10-21T20:11:46-0400 [INFO    ] backups2datalad.py cp /mnt/backup/dandi/dandiarchive-s3-backup/girder-assetstore/fd/e4/fde443364825421992e4af66dbdea4ad -> /mnt/backup/dandi/dandisets/000026/derivatives/SPIMStitchedSlices/sub-I46/I46_n06.7z
2020-10-21T20:11:46-0400 [INFO    ] backups2datalad.py Adding asset to dataset
2020-10-21T20:11:55-0400 [INFO    ] backups2datalad.py Adding URL https://dandiarchive.s3.amazonaws.com/girder-assetstore/fd/e4/fde443364825421992e4af66dbdea4ad?versionId=6hpR8dzZ3cgI2.5fj94iOVCRqyvqpKzt to asset
2020-10-21T20:11:55-0400 [INFO    ] backups2datalad.py Syncing asset /derivatives/SPIMStitchedSlices/sub-I46/I46_n07.7z
2020-10-21T20:11:56-0400 [INFO    ] backups2datalad.py Asset not in dataset; will copy
2020-10-21T20:11:56-0400 [INFO    ] backups2datalad.py cp /mnt/backup/dandi/dandiarchive-s3-backup/girder-assetstore/20/c9/20c95a9f71744279a15a67d49f1eeba4 -> /mnt/backup/dandi/dandisets/000026/derivatives/SPIMStitchedSlices/sub-I46/I46_n07.7z
2020-10-21T20:11:56-0400 [INFO    ] backups2datalad.py Adding asset to dataset
2020-10-21T20:11:58-0400 [INFO    ] backups2datalad.py Adding URL https://dandiarchive.s3.amazonaws.com/girder-assetstore/20/c9/20c95a9f71744279a15a67d49f1eeba4?versionId=6ozTYw85BdY_OlVwZ_EVy0HJqGd9WoDb to asset
2020-10-21T20:11:59-0400 [INFO    ] backups2datalad.py Syncing asset /rawdata/sub-I46/ses-MRI/anat/sub-I46_echo-1_fa-1_VFA.json
2020-10-21T20:11:59-0400 [INFO    ] backups2datalad.py Asset not in dataset; will copy
2020-10-21T20:11:59-0400 [INFO    ] backups2datalad.py cp /mnt/backup/dandi/dandiarchive-s3-backup/girder-assetstore/dd/ac/ddac7448a1a847d5843078d1ec772dba -> /mnt/backup/dandi/dandisets/000026/rawdata/sub-I46/ses-MRI/anat/sub-I46_echo-1_fa-1_VFA.json
2020-10-21T20:11:59-0400 [INFO    ] backups2datalad.py Adding asset to dataset
2020-10-21T20:11:59-0400 [INFO    ] backups2datalad.py File is not managed by git annex; not adding URL
2020-10-21T20:11:59-0400 [INFO    ] backups2datalad.py Syncing asset /rawdata/sub-I46/ses-MRI/anat/sub-I46_echo-1_fa-1_VFA.nii.gz
2020-10-21T20:11:59-0400 [INFO    ] backups2datalad.py Asset not in dataset; will copy
2020-10-21T20:11:59-0400 [INFO    ] backups2datalad.py cp /mnt/backup/dandi/dandiarchive-s3-backup/girder-assetstore/b5/90/b590bc78144e490b944d34744b315e05 -> /mnt/backup/dandi/dandisets/000026/rawdata/sub-I46/ses-MRI/anat/sub-I46_echo-1_fa-1_VFA.nii.gz
2020-10-21T20:11:59-0400 [INFO    ] backups2datalad.py Adding asset to dataset
2020-10-21T20:12:16-0400 [INFO    ] backups2datalad.py Adding URL https://dandiarchive.s3.amazonaws.com/girder-assetstore/b5/90/b590bc78144e490b944d34744b315e05?versionId=O74LSqoZmwB4M5BLrpIKUtu83XxRBmHj to asset
2020-10-21T20:12:16-0400 [INFO    ] backups2datalad.py Syncing asset /rawdata/sub-I46/ses-MRI/anat/sub-I46_echo-1_fa-2_VFA.json
2020-10-21T20:12:16-0400 [INFO    ] backups2datalad.py Asset not in dataset; will copy
2020-10-21T20:12:16-0400 [INFO    ] backups2datalad.py cp /mnt/backup/dandi/dandiarchive-s3-backup/girder-assetstore/80/8e/808ee08b011a4716bb041b76c6f1989c -> /mnt/backup/dandi/dandisets/000026/rawdata/sub-I46/ses-MRI/anat/sub-I46_echo-1_fa-2_VFA.json
2020-10-21T20:12:16-0400 [INFO    ] backups2datalad.py Adding asset to dataset
2020-10-21T20:12:16-0400 [INFO    ] backups2datalad.py File is not managed by git annex; not adding URL
2020-10-21T20:12:16-0400 [INFO    ] backups2datalad.py Syncing asset /rawdata/sub-I46/ses-MRI/anat/sub-I46_echo-1_fa-2_VFA.nii.gz
2020-10-21T20:12:17-0400 [INFO    ] backups2datalad.py Asset not in dataset; will copy
2020-10-21T20:12:17-0400 [INFO    ] backups2datalad.py cp /mnt/backup/dandi/dandiarchive-s3-backup/girder-assetstore/f7/a1/f7a17ec3d77545fcaf97ff39cc3707d7 -> /mnt/backup/dandi/dandisets/000026/rawdata/sub-I46/ses-MRI/anat/sub-I46_echo-1_fa-2_VFA.nii.gz
2020-10-21T20:12:17-0400 [INFO    ] backups2datalad.py Adding asset to dataset
2020-10-21T20:12:33-0400 [INFO    ] backups2datalad.py Adding URL https://dandiarchive.s3.amazonaws.com/girder-assetstore/f7/a1/f7a17ec3d77545fcaf97ff39cc3707d7?versionId=FMV1E7R4kZfS_K6l9J3uW8rm8OrlKOMh to asset
2020-10-21T20:12:34-0400 [INFO    ] backups2datalad.py Syncing asset /rawdata/sub-I46/ses-MRI/anat/sub-I46_echo-1_fa-3_VFA.json
2020-10-21T20:12:34-0400 [INFO    ] backups2datalad.py Asset not in dataset; will copy
2020-10-21T20:12:34-0400 [INFO    ] backups2datalad.py cp /mnt/backup/dandi/dandiarchive-s3-backup/girder-assetstore/de/ee/deee4c2ac2164f1e89dafc029a0fd826 -> /mnt/backup/dandi/dandisets/000026/rawdata/sub-I46/ses-MRI/anat/sub-I46_echo-1_fa-3_VFA.json
2020-10-21T20:12:34-0400 [INFO    ] backups2datalad.py Adding asset to dataset
2020-10-21T20:12:34-0400 [INFO    ] backups2datalad.py File is not managed by git annex; not adding URL
2020-10-21T20:12:34-0400 [INFO    ] backups2datalad.py Syncing asset /rawdata/sub-I46/ses-MRI/anat/sub-I46_echo-1_fa-3_VFA.nii.gz
2020-10-21T20:12:34-0400 [INFO    ] backups2datalad.py Asset not in dataset; will copy
2020-10-21T20:12:34-0400 [INFO    ] backups2datalad.py cp /mnt/backup/dandi/dandiarchive-s3-backup/girder-assetstore/7d/b1/7db1db2b54004d7f8ad34c015b6150fd -> /mnt/backup/dandi/dandisets/000026/rawdata/sub-I46/ses-MRI/anat/sub-I46_echo-1_fa-3_VFA.nii.gz
2020-10-21T20:12:35-0400 [INFO    ] backups2datalad.py Adding asset to dataset
2020-10-21T20:12:51-0400 [INFO    ] backups2datalad.py Adding URL https://dandiarchive.s3.amazonaws.com/girder-assetstore/7d/b1/7db1db2b54004d7f8ad34c015b6150fd?versionId=_G30y_wABYyaNi9LD0A9oMARM0C8Iy48 to asset
2020-10-21T20:12:51-0400 [INFO    ] backups2datalad.py Syncing asset /rawdata/sub-I46/ses-MRI/anat/sub-I46_echo-2_fa-1_VFA.json
2020-10-21T20:12:52-0400 [INFO    ] backups2datalad.py Asset not in dataset; will copy
2020-10-21T20:12:52-0400 [INFO    ] backups2datalad.py cp /mnt/backup/dandi/dandiarchive-s3-backup/girder-assetstore/1f/a4/1fa45bdf7fd54e9c8ea826b05233eba9 -> /mnt/backup/dandi/dandisets/000026/rawdata/sub-I46/ses-MRI/anat/sub-I46_echo-2_fa-1_VFA.json
2020-10-21T20:12:52-0400 [INFO    ] backups2datalad.py Adding asset to dataset
2020-10-21T20:12:52-0400 [INFO    ] backups2datalad.py File is not managed by git annex; not adding URL
2020-10-21T20:12:52-0400 [INFO    ] backups2datalad.py Syncing asset /rawdata/sub-I46/ses-MRI/anat/sub-I46_echo-2_fa-1_VFA.nii.gz
2020-10-21T20:12:52-0400 [INFO    ] backups2datalad.py Asset not in dataset; will copy
2020-10-21T20:12:52-0400 [INFO    ] backups2datalad.py cp /mnt/backup/dandi/dandiarchive-s3-backup/girder-assetstore/61/7d/617de1d0d569434daf2b74bb6307f942 -> /mnt/backup/dandi/dandisets/000026/rawdata/sub-I46/ses-MRI/anat/sub-I46_echo-2_fa-1_VFA.nii.gz
2020-10-21T20:12:52-0400 [INFO    ] backups2datalad.py Adding asset to dataset
2020-10-21T20:13:09-0400 [INFO    ] backups2datalad.py Adding URL https://dandiarchive.s3.amazonaws.com/girder-assetstore/61/7d/617de1d0d569434daf2b74bb6307f942?versionId=tlv5jyGBa.BCJsi.ilowGtxs2jeHQcSe to asset
2020-10-21T20:13:09-0400 [INFO    ] backups2datalad.py Syncing asset /rawdata/sub-I46/ses-MRI/anat/sub-I46_echo-2_fa-2_VFA.json
2020-10-21T20:13:09-0400 [INFO    ] backups2datalad.py Asset not in dataset; will copy
2020-10-21T20:13:09-0400 [INFO    ] backups2datalad.py cp /mnt/backup/dandi/dandiarchive-s3-backup/girder-assetstore/84/46/8446671626714b54a795a11620d9a767 -> /mnt/backup/dandi/dandisets/000026/rawdata/sub-I46/ses-MRI/anat/sub-I46_echo-2_fa-2_VFA.json
2020-10-21T20:13:09-0400 [INFO    ] backups2datalad.py Adding asset to dataset
2020-10-21T20:13:09-0400 [INFO    ] backups2datalad.py File is not managed by git annex; not adding URL
2020-10-21T20:13:09-0400 [INFO    ] backups2datalad.py Syncing asset /rawdata/sub-I46/ses-MRI/anat/sub-I46_echo-2_fa-2_VFA.nii.gz
2020-10-21T20:13:10-0400 [INFO    ] backups2datalad.py Asset not in dataset; will copy
2020-10-21T20:13:10-0400 [INFO    ] backups2datalad.py cp /mnt/backup/dandi/dandiarchive-s3-backup/girder-assetstore/12/eb/12eb1793d4264b00bfdba101b71de49d -> /mnt/backup/dandi/dandisets/000026/rawdata/sub-I46/ses-MRI/anat/sub-I46_echo-2_fa-2_VFA.nii.gz
2020-10-21T20:13:10-0400 [INFO    ] backups2datalad.py Adding asset to dataset
2020-10-21T20:13:26-0400 [INFO    ] backups2datalad.py Adding URL https://dandiarchive.s3.amazonaws.com/girder-assetstore/12/eb/12eb1793d4264b00bfdba101b71de49d?versionId=rSxSQ_yLYekRvFG7zXIMM7zRC.rn5nR2 to asset
2020-10-21T20:13:27-0400 [INFO    ] backups2datalad.py Syncing asset /rawdata/sub-I46/ses-MRI/anat/sub-I46_echo-2_fa-3_VFA.json
2020-10-21T20:13:27-0400 [INFO    ] backups2datalad.py Asset not in dataset; will copy
2020-10-21T20:13:27-0400 [INFO    ] backups2datalad.py cp /mnt/backup/dandi/dandiarchive-s3-backup/girder-assetstore/ed/d5/edd5b7abf1ba4fb59ff008b2710e308d -> /mnt/backup/dandi/dandisets/000026/rawdata/sub-I46/ses-MRI/anat/sub-I46_echo-2_fa-3_VFA.json
2020-10-21T20:13:27-0400 [INFO    ] backups2datalad.py Adding asset to dataset
2020-10-21T20:13:27-0400 [INFO    ] backups2datalad.py File is not managed by git annex; not adding URL
2020-10-21T20:13:27-0400 [INFO    ] backups2datalad.py Syncing asset /rawdata/sub-I46/ses-MRI/anat/sub-I46_echo-2_fa-3_VFA.nii.gz
2020-10-21T20:13:28-0400 [INFO    ] backups2datalad.py Asset not in dataset; will copy
2020-10-21T20:13:28-0400 [INFO    ] backups2datalad.py cp /mnt/backup/dandi/dandiarchive-s3-backup/girder-assetstore/7a/8d/7a8dcfa6ee2c48058e9ea8412b74e6c5 -> /mnt/backup/dandi/dandisets/000026/rawdata/sub-I46/ses-MRI/anat/sub-I46_echo-2_fa-3_VFA.nii.gz
2020-10-21T20:13:28-0400 [INFO    ] backups2datalad.py Adding asset to dataset
2020-10-21T20:13:44-0400 [INFO    ] backups2datalad.py Adding URL https://dandiarchive.s3.amazonaws.com/girder-assetstore/7a/8d/7a8dcfa6ee2c48058e9ea8412b74e6c5?versionId=TgaT9AcXg.d85R3bfuELTRmLXG2Fu1Xo to asset
2020-10-21T20:13:44-0400 [INFO    ] backups2datalad.py Syncing asset /rawdata/sub-I46/ses-MRI/anat/sub-I46_echo-3_fa-1_VFA.json
2020-10-21T20:13:45-0400 [INFO    ] backups2datalad.py Asset not in dataset; will copy
2020-10-21T20:13:45-0400 [INFO    ] backups2datalad.py cp /mnt/backup/dandi/dandiarchive-s3-backup/girder-assetstore/20/bd/20bde7a3d6064b92a596c178fbbbbf64 -> /mnt/backup/dandi/dandisets/000026/rawdata/sub-I46/ses-MRI/anat/sub-I46_echo-3_fa-1_VFA.json
2020-10-21T20:13:45-0400 [INFO    ] backups2datalad.py Adding asset to dataset
2020-10-21T20:13:45-0400 [INFO    ] backups2datalad.py File is not managed by git annex; not adding URL
2020-10-21T20:13:45-0400 [INFO    ] backups2datalad.py Syncing asset /rawdata/sub-I46/ses-MRI/anat/sub-I46_echo-3_fa-1_VFA.nii.gz
2020-10-21T20:13:45-0400 [INFO    ] backups2datalad.py Asset not in dataset; will copy
2020-10-21T20:13:45-0400 [INFO    ] backups2datalad.py cp /mnt/backup/dandi/dandiarchive-s3-backup/girder-assetstore/2e/ff/2eff956e56f74cfd869c69e2b9331134 -> /mnt/backup/dandi/dandisets/000026/rawdata/sub-I46/ses-MRI/anat/sub-I46_echo-3_fa-1_VFA.nii.gz
2020-10-21T20:13:45-0400 [INFO    ] backups2datalad.py Adding asset to dataset
2020-10-21T20:14:01-0400 [INFO    ] backups2datalad.py Adding URL https://dandiarchive.s3.amazonaws.com/girder-assetstore/2e/ff/2eff956e56f74cfd869c69e2b9331134?versionId=rQSxi3KmD1RtvgoNut.t_IFj4O4g9.iJ to asset
2020-10-21T20:14:02-0400 [INFO    ] backups2datalad.py Syncing asset /rawdata/sub-I46/ses-MRI/anat/sub-I46_echo-3_fa-2_VFA.json
2020-10-21T20:14:02-0400 [INFO    ] backups2datalad.py Asset not in dataset; will copy
2020-10-21T20:14:02-0400 [INFO    ] backups2datalad.py cp /mnt/backup/dandi/dandiarchive-s3-backup/girder-assetstore/e4/de/e4debfc52d5a499297a5d017344ddbfe -> /mnt/backup/dandi/dandisets/000026/rawdata/sub-I46/ses-MRI/anat/sub-I46_echo-3_fa-2_VFA.json
2020-10-21T20:14:02-0400 [INFO    ] backups2datalad.py Adding asset to dataset
2020-10-21T20:14:02-0400 [INFO    ] backups2datalad.py File is not managed by git annex; not adding URL
2020-10-21T20:14:02-0400 [INFO    ] backups2datalad.py Syncing asset /rawdata/sub-I46/ses-MRI/anat/sub-I46_echo-3_fa-2_VFA.nii.gz
2020-10-21T20:14:03-0400 [INFO    ] backups2datalad.py Asset not in dataset; will copy
2020-10-21T20:14:03-0400 [INFO    ] backups2datalad.py cp /mnt/backup/dandi/dandiarchive-s3-backup/girder-assetstore/fc/1d/fc1d32c2ff2c4ddc9e89d54c010839ff -> /mnt/backup/dandi/dandisets/000026/rawdata/sub-I46/ses-MRI/anat/sub-I46_echo-3_fa-2_VFA.nii.gz
2020-10-21T20:14:03-0400 [INFO    ] backups2datalad.py Adding asset to dataset
2020-10-21T20:14:19-0400 [INFO    ] backups2datalad.py Adding URL https://dandiarchive.s3.amazonaws.com/girder-assetstore/fc/1d/fc1d32c2ff2c4ddc9e89d54c010839ff?versionId=VCx5O_6X0E9u3hYNsXg8HRm8a8roUoCd to asset
2020-10-21T20:14:19-0400 [INFO    ] backups2datalad.py Syncing asset /rawdata/sub-I46/ses-MRI/anat/sub-I46_echo-3_fa-3_VFA.json
2020-10-21T20:14:20-0400 [INFO    ] backups2datalad.py Asset not in dataset; will copy
2020-10-21T20:14:20-0400 [INFO    ] backups2datalad.py cp /mnt/backup/dandi/dandiarchive-s3-backup/girder-assetstore/32/e1/32e1e777a002428d9e4bf3d710391942 -> /mnt/backup/dandi/dandisets/000026/rawdata/sub-I46/ses-MRI/anat/sub-I46_echo-3_fa-3_VFA.json
2020-10-21T20:14:20-0400 [INFO    ] backups2datalad.py Adding asset to dataset
2020-10-21T20:14:20-0400 [INFO    ] backups2datalad.py File is not managed by git annex; not adding URL
2020-10-21T20:14:20-0400 [INFO    ] backups2datalad.py Syncing asset /rawdata/sub-I46/ses-MRI/anat/sub-I46_echo-3_fa-3_VFA.nii.gz
2020-10-21T20:14:20-0400 [INFO    ] backups2datalad.py Asset not in dataset; will copy
2020-10-21T20:14:20-0400 [INFO    ] backups2datalad.py cp /mnt/backup/dandi/dandiarchive-s3-backup/girder-assetstore/27/51/27511144347d4491a2e87693b609dbe1 -> /mnt/backup/dandi/dandisets/000026/rawdata/sub-I46/ses-MRI/anat/sub-I46_echo-3_fa-3_VFA.nii.gz
2020-10-21T20:14:20-0400 [INFO    ] backups2datalad.py Adding asset to dataset
2020-10-21T20:14:36-0400 [INFO    ] backups2datalad.py Adding URL https://dandiarchive.s3.amazonaws.com/girder-assetstore/27/51/27511144347d4491a2e87693b609dbe1?versionId=3RJC.7RBm437ksjcvnhiw551O1S3MNQD to asset
2020-10-21T20:14:37-0400 [INFO    ] backups2datalad.py Syncing asset /rawdata/sub-I46/ses-MRI/anat/sub-I46_echo-4_fa-1_VFA.json
2020-10-21T20:14:37-0400 [INFO    ] backups2datalad.py Asset not in dataset; will copy
2020-10-21T20:14:37-0400 [INFO    ] backups2datalad.py cp /mnt/backup/dandi/dandiarchive-s3-backup/girder-assetstore/66/31/6631502cc4e54b24971b304a3e2bbecb -> /mnt/backup/dandi/dandisets/000026/rawdata/sub-I46/ses-MRI/anat/sub-I46_echo-4_fa-1_VFA.json
2020-10-21T20:14:37-0400 [INFO    ] backups2datalad.py Adding asset to dataset
2020-10-21T20:14:37-0400 [INFO    ] backups2datalad.py File is not managed by git annex; not adding URL
2020-10-21T20:14:37-0400 [INFO    ] backups2datalad.py Syncing asset /rawdata/sub-I46/ses-MRI/anat/sub-I46_echo-4_fa-1_VFA.nii.gz
2020-10-21T20:14:37-0400 [INFO    ] backups2datalad.py Asset not in dataset; will copy
2020-10-21T20:14:37-0400 [INFO    ] backups2datalad.py cp /mnt/backup/dandi/dandiarchive-s3-backup/girder-assetstore/2a/b3/2ab3a07e09664a1cb19dd06f369bffd1 -> /mnt/backup/dandi/dandisets/000026/rawdata/sub-I46/ses-MRI/anat/sub-I46_echo-4_fa-1_VFA.nii.gz
2020-10-21T20:14:37-0400 [INFO    ] backups2datalad.py Adding asset to dataset
2020-10-21T20:14:54-0400 [INFO    ] backups2datalad.py Adding URL https://dandiarchive.s3.amazonaws.com/girder-assetstore/2a/b3/2ab3a07e09664a1cb19dd06f369bffd1?versionId=o982Zd.HgiUP_cuOoITQNe3wCPYpXCdB to asset
2020-10-21T20:14:54-0400 [INFO    ] backups2datalad.py Syncing asset /rawdata/sub-I46/ses-MRI/anat/sub-I46_echo-4_fa-2_VFA.json
2020-10-21T20:14:55-0400 [INFO    ] backups2datalad.py Asset not in dataset; will copy
2020-10-21T20:14:55-0400 [INFO    ] backups2datalad.py cp /mnt/backup/dandi/dandiarchive-s3-backup/girder-assetstore/48/1e/481e74d93a2a4321b00686429b24b193 -> /mnt/backup/dandi/dandisets/000026/rawdata/sub-I46/ses-MRI/anat/sub-I46_echo-4_fa-2_VFA.json
2020-10-21T20:14:55-0400 [INFO    ] backups2datalad.py Adding asset to dataset
2020-10-21T20:14:55-0400 [INFO    ] backups2datalad.py File is not managed by git annex; not adding URL
2020-10-21T20:14:55-0400 [INFO    ] backups2datalad.py Syncing asset /rawdata/sub-I46/ses-MRI/anat/sub-I46_echo-4_fa-2_VFA.nii.gz
2020-10-21T20:14:55-0400 [INFO    ] backups2datalad.py Asset not in dataset; will copy
2020-10-21T20:14:55-0400 [INFO    ] backups2datalad.py cp /mnt/backup/dandi/dandiarchive-s3-backup/girder-assetstore/3d/58/3d580bd8ff11447eb9a3b36b349f78d6 -> /mnt/backup/dandi/dandisets/000026/rawdata/sub-I46/ses-MRI/anat/sub-I46_echo-4_fa-2_VFA.nii.gz
2020-10-21T20:14:55-0400 [INFO    ] backups2datalad.py Adding asset to dataset
2020-10-21T20:15:12-0400 [INFO    ] backups2datalad.py Adding URL https://dandiarchive.s3.amazonaws.com/girder-assetstore/3d/58/3d580bd8ff11447eb9a3b36b349f78d6?versionId=PeESbjS2rZJdnMDGq22c3APdL9CeyfUA to asset
2020-10-21T20:15:13-0400 [INFO    ] backups2datalad.py Syncing asset /rawdata/sub-I46/ses-MRI/anat/sub-I46_echo-4_fa-3_VFA.json
2020-10-21T20:15:13-0400 [INFO    ] backups2datalad.py Asset not in dataset; will copy
2020-10-21T20:15:13-0400 [INFO    ] backups2datalad.py cp /mnt/backup/dandi/dandiarchive-s3-backup/girder-assetstore/da/94/da94c29a105a4425a601c94abbb7931d -> /mnt/backup/dandi/dandisets/000026/rawdata/sub-I46/ses-MRI/anat/sub-I46_echo-4_fa-3_VFA.json
2020-10-21T20:15:13-0400 [INFO    ] backups2datalad.py Adding asset to dataset
2020-10-21T20:15:13-0400 [INFO    ] backups2datalad.py File is not managed by git annex; not adding URL
2020-10-21T20:15:13-0400 [INFO    ] backups2datalad.py Syncing asset /rawdata/sub-I46/ses-MRI/anat/sub-I46_echo-4_fa-3_VFA.nii.gz
2020-10-21T20:15:14-0400 [INFO    ] backups2datalad.py Asset not in dataset; will copy
2020-10-21T20:15:14-0400 [INFO    ] backups2datalad.py cp /mnt/backup/dandi/dandiarchive-s3-backup/girder-assetstore/2a/b6/2ab6212e435f4634a484f1c5496a9b55 -> /mnt/backup/dandi/dandisets/000026/rawdata/sub-I46/ses-MRI/anat/sub-I46_echo-4_fa-3_VFA.nii.gz
2020-10-21T20:15:14-0400 [INFO    ] backups2datalad.py Adding asset to dataset
2020-10-21T20:15:33-0400 [INFO    ] backups2datalad.py Adding URL https://dandiarchive.s3.amazonaws.com/girder-assetstore/2a/b6/2ab6212e435f4634a484f1c5496a9b55?versionId=ELEsrhihEWS2H.D9ekdkxxlJ5mluQ2Xg to asset
2020-10-21T20:15:34-0400 [INFO    ] backups2datalad.py Syncing asset /rawdata/sub-I46/ses-MRI/anat/test.json
2020-10-21T20:15:34-0400 [INFO    ] backups2datalad.py Asset not in dataset; will copy
2020-10-21T20:15:34-0400 [INFO    ] backups2datalad.py cp /mnt/backup/dandi/dandiarchive-s3-backup/girder-assetstore/f8/ee/f8eeab661bb24b21a9d2a8e4820ac664 -> /mnt/backup/dandi/dandisets/000026/rawdata/sub-I46/ses-MRI/anat/test.json
2020-10-21T20:15:34-0400 [INFO    ] backups2datalad.py Adding asset to dataset
2020-10-21T20:15:34-0400 [INFO    ] backups2datalad.py File is not managed by git annex; not adding URL
2020-10-21T20:15:34-0400 [INFO    ] backups2datalad.py Syncing asset /rawdata/sub-I46/ses-OCT/I46-OCT-nor.tif
2020-10-21T20:15:34-0400 [INFO    ] backups2datalad.py Asset not in dataset; will copy
2020-10-21T20:15:34-0400 [INFO    ] backups2datalad.py cp /mnt/backup/dandi/dandiarchive-s3-backup/girder-assetstore/05/6b/056bb96336604438bb14f9b6d477be9f -> /mnt/backup/dandi/dandisets/000026/rawdata/sub-I46/ses-OCT/I46-OCT-nor.tif
2020-10-21T20:15:34-0400 [INFO    ] backups2datalad.py Adding asset to dataset
2020-10-21T20:15:42-0400 [INFO    ] backups2datalad.py Adding URL https://dandiarchive.s3.amazonaws.com/girder-assetstore/05/6b/056bb96336604438bb14f9b6d477be9f?versionId=JI.Ai4tzkYiwApbt5nKPiY_0J7u7Mxx4 to asset
2020-10-21T20:15:43-0400 [INFO    ] backups2datalad.py Commiting changes
